<?xml version="1.0" encoding="UTF-8" standalone="no"?>
<<<<<<< HEAD
<testsuite errors="0" failures="1" name="io.cucumber.core.plugin.JUnitFormatter" skipped="0" tests="2" time="40.809">
<testcase classname="Kullanici customer sayfasina gider" name="Kullanici gecerli kimlik bilgileriyle customer olusturur" time="22.861">
=======
<testsuite errors="0" failures="0" name="io.cucumber.core.plugin.JUnitFormatter" skipped="0" tests="2" time="44.638">
<testcase classname="Kullanici customer sayfasina gider" name="Kullanici gecerli kimlik bilgileriyle customer olusturur" time="29.809">
>>>>>>> master
<system-out><![CDATA[Given Kullanici login sayfasina gider.......................................passed
And username textbox kutusuna gecerli username "Azizeke47" girer............passed
And password textbox kutusuna gecerli password "Mardin4738." girer..........passed
And sign in butonuna tiklayarak giris yapar.................................passed
Then kullanici kendi username ini login kisminda gorur......................passed
]]></system-out>
</testcase>
<<<<<<< HEAD
<testcase classname="Kullanici customer sayfasina gider" name="Employee create a new customer sayfasina gider" time="17.209">
<failure message="no such element: Unable to locate element: {&quot;method&quot;:&quot;xpath&quot;,&quot;selector&quot;:&quot;//div[@class='Toastify__toast Toastify__toast--error toastify-toast']&quot;}&#10;  (Session info: chrome=86.0.4240.193)&#10;For documentation on this error, please visit: https://www.seleniumhq.org/exceptions/no_such_element.html&#10;Build info: version: '3.141.59', revision: 'e82be7d358', time: '2018-11-14T08:17:03'&#10;System info: host: 'LAPTOP-M9ST69D5', ip: '192.168.0.2', os.name: 'Windows 10', os.arch: 'amd64', os.version: '10.0', java.version: '1.8.0_241'&#10;Driver info: org.openqa.selenium.chrome.ChromeDriver&#10;Capabilities {acceptInsecureCerts: false, browserName: chrome, browserVersion: 86.0.4240.193, chrome: {chromedriverVersion: 86.0.4240.22 (398b0743353ff..., userDataDir: C:\Users\adily\AppData\Loca...}, goog:chromeOptions: {debuggerAddress: localhost:63852}, javascriptEnabled: true, networkConnectionEnabled: false, pageLoadStrategy: normal, platform: WINDOWS, platformName: WINDOWS, proxy: Proxy(), setWindowRect: true, strictFileInteractability: false, timeouts: {implicit: 0, pageLoad: 300000, script: 30000}, unhandledPromptBehavior: dismiss and notify, webauthn:virtualAuthenticators: true}&#10;Session ID: 1ebaa2d87036e322a334307f0624c2cf&#10;*** Element info: {Using=xpath, value=//div[@class='Toastify__toast Toastify__toast--error toastify-toast']}" type="org.openqa.selenium.NoSuchElementException"><![CDATA[Given Employee My operations a tiklar.......................................passed
=======
<testcase classname="Kullanici customer sayfasina gider" name="Employee create a new customer sayfasina gider" time="14.069">
<system-out><![CDATA[Given Employee My operations a tiklar.......................................passed
>>>>>>> master
And Employee Manage customera tiklar........................................passed
And Employee Create a new customera tiklar..................................passed
And Employee SSN textboxina tiklar ve gecerli SSN numarsini girer...........passed
And Employee serach boxa tiklar.............................................passed
And Employee firstname gorur................................................passed
And Employee lastname gorur.................................................failed
And Employee email gorur....................................................skipped

StackTrace:
org.openqa.selenium.NoSuchElementException: no such element: Unable to locate element: {"method":"xpath","selector":"//div[@class='Toastify__toast Toastify__toast--error toastify-toast']"}
  (Session info: chrome=86.0.4240.193)
For documentation on this error, please visit: https://www.seleniumhq.org/exceptions/no_such_element.html
Build info: version: '3.141.59', revision: 'e82be7d358', time: '2018-11-14T08:17:03'
System info: host: 'LAPTOP-M9ST69D5', ip: '192.168.0.2', os.name: 'Windows 10', os.arch: 'amd64', os.version: '10.0', java.version: '1.8.0_241'
Driver info: org.openqa.selenium.chrome.ChromeDriver
Capabilities {acceptInsecureCerts: false, browserName: chrome, browserVersion: 86.0.4240.193, chrome: {chromedriverVersion: 86.0.4240.22 (398b0743353ff..., userDataDir: C:\Users\adily\AppData\Loca...}, goog:chromeOptions: {debuggerAddress: localhost:63852}, javascriptEnabled: true, networkConnectionEnabled: false, pageLoadStrategy: normal, platform: WINDOWS, platformName: WINDOWS, proxy: Proxy(), setWindowRect: true, strictFileInteractability: false, timeouts: {implicit: 0, pageLoad: 300000, script: 30000}, unhandledPromptBehavior: dismiss and notify, webauthn:virtualAuthenticators: true}
Session ID: 1ebaa2d87036e322a334307f0624c2cf
*** Element info: {Using=xpath, value=//div[@class='Toastify__toast Toastify__toast--error toastify-toast']}
	at sun.reflect.NativeConstructorAccessorImpl.newInstance0(Native Method)
	at sun.reflect.NativeConstructorAccessorImpl.newInstance(NativeConstructorAccessorImpl.java:62)
	at sun.reflect.DelegatingConstructorAccessorImpl.newInstance(DelegatingConstructorAccessorImpl.java:45)
	at java.lang.reflect.Constructor.newInstance(Constructor.java:423)
	at org.openqa.selenium.remote.http.W3CHttpResponseCodec.createException(W3CHttpResponseCodec.java:187)
	at org.openqa.selenium.remote.http.W3CHttpResponseCodec.decode(W3CHttpResponseCodec.java:122)
	at org.openqa.selenium.remote.http.W3CHttpResponseCodec.decode(W3CHttpResponseCodec.java:49)
	at org.openqa.selenium.remote.HttpCommandExecutor.execute(HttpCommandExecutor.java:158)
	at org.openqa.selenium.remote.service.DriverCommandExecutor.execute(DriverCommandExecutor.java:83)
	at org.openqa.selenium.remote.RemoteWebDriver.execute(RemoteWebDriver.java:552)
	at org.openqa.selenium.remote.RemoteWebDriver.findElement(RemoteWebDriver.java:323)
	at org.openqa.selenium.remote.RemoteWebDriver.findElementByXPath(RemoteWebDriver.java:428)
	at org.openqa.selenium.By$ByXPath.findElement(By.java:353)
	at org.openqa.selenium.remote.RemoteWebDriver.findElement(RemoteWebDriver.java:315)
	at org.openqa.selenium.support.pagefactory.DefaultElementLocator.findElement(DefaultElementLocator.java:69)
	at org.openqa.selenium.support.pagefactory.internal.LocatingElementHandler.invoke(LocatingElementHandler.java:38)
	at com.sun.proxy.$Proxy14.getText(Unknown Source)
	at gmibank.stepdefinitions.CustomerStepDefinitions.employee_lastname_gorur(CustomerStepDefinitions.java:75)
	at âœ½.Employee lastname gorur(file:///C:/Users/adily/IdeaProjects/gmibankaplication/src/test/resources/features/customer.feature:25)
]]></failure>
</testcase>
</testsuite>
